{"contracts\\WorkOrderRegistry.sol":{"l":{"48":3,"56":3,"58":3,"62":4,"63":4,"64":4,"66":3,"72":3,"74":3,"78":1,"82":1,"83":1,"87":0},"path":"C:\\projects\\VibraGuard\\vibraguard\\blockchain-net\\contracts\\WorkOrderRegistry.sol","s":{"1":3,"2":3,"3":4,"4":4,"5":4,"6":3,"7":3,"8":1,"9":1,"10":1,"11":0},"b":{"1":[4,0],"2":[4,0],"3":[3,1],"4":[1,0]},"f":{"1":3,"2":4,"3":1,"4":1,"5":0},"fnMap":{"1":{"name":"createWorkOrder","line":42,"loc":{"start":{"line":42,"column":4},"end":{"line":59,"column":4}}},"2":{"name":"storeReport","line":61,"loc":{"start":{"line":61,"column":4},"end":{"line":75,"column":4}}},"3":{"name":"getWorkOrderCount","line":77,"loc":{"start":{"line":77,"column":4},"end":{"line":79,"column":4}}},"4":{"name":"getReport","line":81,"loc":{"start":{"line":81,"column":4},"end":{"line":84,"column":4}}},"5":{"name":"getReportCount","line":86,"loc":{"start":{"line":86,"column":4},"end":{"line":88,"column":4}}}},"statementMap":{"1":{"start":{"line":56,"column":8},"end":{"line":56,"column":29}},"2":{"start":{"line":58,"column":8},"end":{"line":58,"column":90}},"3":{"start":{"line":62,"column":8},"end":{"line":62,"column":68}},"4":{"start":{"line":63,"column":8},"end":{"line":63,"column":66}},"5":{"start":{"line":64,"column":8},"end":{"line":64,"column":81}},"6":{"start":{"line":72,"column":8},"end":{"line":72,"column":32}},"7":{"start":{"line":74,"column":8},"end":{"line":74,"column":75}},"8":{"start":{"line":78,"column":8},"end":{"line":78,"column":34}},"9":{"start":{"line":82,"column":8},"end":{"line":82,"column":76}},"10":{"start":{"line":83,"column":8},"end":{"line":83,"column":33}},"11":{"start":{"line":87,"column":8},"end":{"line":87,"column":31}}},"branchMap":{"1":{"line":62,"type":"if","locations":[{"start":{"line":62,"column":8},"end":{"line":62,"column":8}},{"start":{"line":62,"column":8},"end":{"line":62,"column":8}}]},"2":{"line":63,"type":"if","locations":[{"start":{"line":63,"column":8},"end":{"line":63,"column":8}},{"start":{"line":63,"column":8},"end":{"line":63,"column":8}}]},"3":{"line":64,"type":"if","locations":[{"start":{"line":64,"column":8},"end":{"line":64,"column":8}},{"start":{"line":64,"column":8},"end":{"line":64,"column":8}}]},"4":{"line":82,"type":"if","locations":[{"start":{"line":82,"column":8},"end":{"line":82,"column":8}},{"start":{"line":82,"column":8},"end":{"line":82,"column":8}}]}}}}